<?xml version="1.0" encoding="UTF-8"?>
<!-- Generated by org.testng.reporters.JUnitReportReporter -->
<testsuite hostname="PHANISON-ACER-SWIFT-3" failures="0" tests="3" name="com.qa.tests.Regression" time="442.959" errors="0" timestamp="2021-03-22T17:10:45 IST" skipped="0">
  <testcase classname="com.qa.tests.Regression" name="test6" time="149.965"/>
  <system-out/>
  <testcase classname="com.qa.tests.Regression" name="test5" time="146.942"/>
  <system-out/>
  <testcase classname="com.qa.tests.Regression" name="test4" time="146.052"/>
  <system-out/>
</testsuite> <!-- com.qa.tests.Regression -->
