<?xml version="1.0" encoding="UTF-8"?>
<!-- Generated by org.testng.reporters.JUnitReportReporter -->
<testsuite hostname="PHANISON-ACER-SWIFT-3" failures="0" tests="3" name="com.qa.tests.BasicTest" time="450.139" errors="0" timestamp="2021-03-22T17:10:45 IST" skipped="0">
  <testcase classname="com.qa.tests.BasicTest" name="test1" time="150.990"/>
  <system-out/>
  <testcase classname="com.qa.tests.BasicTest" name="test3" time="147.640"/>
  <system-out/>
  <testcase classname="com.qa.tests.BasicTest" name="test2" time="151.509"/>
  <system-out/>
</testsuite> <!-- com.qa.tests.BasicTest -->
